  FormLogin.cpp
E:\2EME ANNEE\RATTRAPAGE POO\Rattrapage POO V2\mediatheque_cpp\Project1\Map.h(6,12): warning C4570: 'NS_Comp_Mappage::Map' : n'est pas explicitement déclaré comme abstract mais comporte des fonctions abstract
E:\2EME ANNEE\RATTRAPAGE POO\Rattrapage POO V2\mediatheque_cpp\Project1\Map.h(6,12): message : 'System::String ^NS_Comp_Mappage::Map::SELECT(void)' : est abstrait
E:\2EME ANNEE\RATTRAPAGE POO\Rattrapage POO V2\mediatheque_cpp\Project1\Map.h(9): message : voir la déclaration de 'NS_Comp_Mappage::Map::SELECT'
E:\2EME ANNEE\RATTRAPAGE POO\Rattrapage POO V2\mediatheque_cpp\Project1\Map.h(6,12): message : 'System::String ^NS_Comp_Mappage::Map::INSERT(void)' : est abstrait
E:\2EME ANNEE\RATTRAPAGE POO\Rattrapage POO V2\mediatheque_cpp\Project1\Map.h(10): message : voir la déclaration de 'NS_Comp_Mappage::Map::INSERT'
E:\2EME ANNEE\RATTRAPAGE POO\Rattrapage POO V2\mediatheque_cpp\Project1\Map.h(6,12): message : 'System::String ^NS_Comp_Mappage::Map::DELETE(void)' : est abstrait
E:\2EME ANNEE\RATTRAPAGE POO\Rattrapage POO V2\mediatheque_cpp\Project1\Map.h(11): message : voir la déclaration de 'NS_Comp_Mappage::Map::DELETE'
E:\2EME ANNEE\RATTRAPAGE POO\Rattrapage POO V2\mediatheque_cpp\Project1\Map.h(6,12): message : 'System::String ^NS_Comp_Mappage::Map::UPDATE(void)' : est abstrait
E:\2EME ANNEE\RATTRAPAGE POO\Rattrapage POO V2\mediatheque_cpp\Project1\Map.h(12): message : voir la déclaration de 'NS_Comp_Mappage::Map::UPDATE'
E:\2EME ANNEE\RATTRAPAGE POO\Rattrapage POO V2\mediatheque_cpp\Project1\MapLibraryAdmin.h(7,12): warning C4570: 'NS_Comp_Mappage::MapLibraryAdmin' : n'est pas explicitement déclaré comme abstract mais comporte des fonctions abstract
E:\2EME ANNEE\RATTRAPAGE POO\Rattrapage POO V2\mediatheque_cpp\Project1\MapLibraryAdmin.h(7,12): message : 'System::String ^NS_Comp_Mappage::Map::INSERT(void)' : est abstrait
E:\2EME ANNEE\RATTRAPAGE POO\Rattrapage POO V2\mediatheque_cpp\Project1\Map.h(10): message : voir la déclaration de 'NS_Comp_Mappage::Map::INSERT'
E:\2EME ANNEE\RATTRAPAGE POO\Rattrapage POO V2\mediatheque_cpp\Project1\MapLibraryAdmin.h(7,12): message : 'System::String ^NS_Comp_Mappage::Map::DELETE(void)' : est abstrait
E:\2EME ANNEE\RATTRAPAGE POO\Rattrapage POO V2\mediatheque_cpp\Project1\Map.h(11): message : voir la déclaration de 'NS_Comp_Mappage::Map::DELETE'
E:\2EME ANNEE\RATTRAPAGE POO\Rattrapage POO V2\mediatheque_cpp\Project1\MapLibraryAdmin.h(7,12): message : 'System::String ^NS_Comp_Mappage::Map::UPDATE(void)' : est abstrait
E:\2EME ANNEE\RATTRAPAGE POO\Rattrapage POO V2\mediatheque_cpp\Project1\Map.h(12): message : voir la déclaration de 'NS_Comp_Mappage::Map::UPDATE'
  FormUser.cpp
E:\2EME ANNEE\RATTRAPAGE POO\Rattrapage POO V2\mediatheque_cpp\Project1\FormUserInfo.h(44,11): error C2653: 'NS_Comp_Svc' : n'est pas un nom de classe ni d'espace de noms
E:\2EME ANNEE\RATTRAPAGE POO\Rattrapage POO V2\mediatheque_cpp\Project1\FormUserInfo.h(44,43): error C2143: erreur de syntaxe : absence de ';' avant '^'
E:\2EME ANNEE\RATTRAPAGE POO\Rattrapage POO V2\mediatheque_cpp\Project1\FormUserInfo.h(44,43): error C4430: spécificateur de type manquant - int est pris en compte par défaut. Remarque : C++ ne prend pas en charge int par défaut
E:\2EME ANNEE\RATTRAPAGE POO\Rattrapage POO V2\mediatheque_cpp\Project1\FormUserInfo.h(44,49): error C2238: jetons inattendus avant ';'
E:\2EME ANNEE\RATTRAPAGE POO\Rattrapage POO V2\mediatheque_cpp\Project1\FormUserInfo.h(83,9): error C2039: 'oSvc' n'est pas membre de 'Project1::FormUserInfo'
E:\2EME ANNEE\RATTRAPAGE POO\Rattrapage POO V2\mediatheque_cpp\Project1\FormUserInfo.h(15): message : voir la déclaration de 'Project1::FormUserInfo'
E:\2EME ANNEE\RATTRAPAGE POO\Rattrapage POO V2\mediatheque_cpp\Project1\FormUserInfo.h(83,22): error C2653: 'NS_Comp_Svc' : n'est pas un nom de classe ni d'espace de noms
E:\2EME ANNEE\RATTRAPAGE POO\Rattrapage POO V2\mediatheque_cpp\Project1\FormUserInfo.h(83,35): error C2061: erreur de syntaxe : identificateur 'GestionLibraryAdmin'
E:\2EME ANNEE\RATTRAPAGE POO\Rattrapage POO V2\mediatheque_cpp\Project1\FormUserInfo.h(85,21): error C2039: 'oSvc' n'est pas membre de 'Project1::FormUserInfo'
E:\2EME ANNEE\RATTRAPAGE POO\Rattrapage POO V2\mediatheque_cpp\Project1\FormUserInfo.h(15): message : voir la déclaration de 'Project1::FormUserInfo'
  FormUserInfo.cpp
E:\2EME ANNEE\RATTRAPAGE POO\Rattrapage POO V2\mediatheque_cpp\Project1\FormUserInfo.h(44,11): error C2653: 'NS_Comp_Svc' : n'est pas un nom de classe ni d'espace de noms
E:\2EME ANNEE\RATTRAPAGE POO\Rattrapage POO V2\mediatheque_cpp\Project1\FormUserInfo.h(44,43): error C2143: erreur de syntaxe : absence de ';' avant '^'
E:\2EME ANNEE\RATTRAPAGE POO\Rattrapage POO V2\mediatheque_cpp\Project1\FormUserInfo.h(44,43): error C4430: spécificateur de type manquant - int est pris en compte par défaut. Remarque : C++ ne prend pas en charge int par défaut
E:\2EME ANNEE\RATTRAPAGE POO\Rattrapage POO V2\mediatheque_cpp\Project1\FormUserInfo.h(44,49): error C2238: jetons inattendus avant ';'
E:\2EME ANNEE\RATTRAPAGE POO\Rattrapage POO V2\mediatheque_cpp\Project1\FormUserInfo.h(83,9): error C2039: 'oSvc' n'est pas membre de 'Project1::FormUserInfo'
E:\2EME ANNEE\RATTRAPAGE POO\Rattrapage POO V2\mediatheque_cpp\Project1\FormUserInfo.h(15): message : voir la déclaration de 'Project1::FormUserInfo'
E:\2EME ANNEE\RATTRAPAGE POO\Rattrapage POO V2\mediatheque_cpp\Project1\FormUserInfo.h(83,22): error C2653: 'NS_Comp_Svc' : n'est pas un nom de classe ni d'espace de noms
E:\2EME ANNEE\RATTRAPAGE POO\Rattrapage POO V2\mediatheque_cpp\Project1\FormUserInfo.h(83,35): error C2061: erreur de syntaxe : identificateur 'GestionLibraryAdmin'
E:\2EME ANNEE\RATTRAPAGE POO\Rattrapage POO V2\mediatheque_cpp\Project1\FormUserInfo.h(85,21): error C2039: 'oSvc' n'est pas membre de 'Project1::FormUserInfo'
E:\2EME ANNEE\RATTRAPAGE POO\Rattrapage POO V2\mediatheque_cpp\Project1\FormUserInfo.h(15): message : voir la déclaration de 'Project1::FormUserInfo'
  GestionLibraryAdmin.cpp
E:\2EME ANNEE\RATTRAPAGE POO\Rattrapage POO V2\mediatheque_cpp\Project1\Map.h(6,12): warning C4570: 'NS_Comp_Mappage::Map' : n'est pas explicitement déclaré comme abstract mais comporte des fonctions abstract
E:\2EME ANNEE\RATTRAPAGE POO\Rattrapage POO V2\mediatheque_cpp\Project1\Map.h(6,12): message : 'System::String ^NS_Comp_Mappage::Map::SELECT(void)' : est abstrait
E:\2EME ANNEE\RATTRAPAGE POO\Rattrapage POO V2\mediatheque_cpp\Project1\Map.h(9): message : voir la déclaration de 'NS_Comp_Mappage::Map::SELECT'
E:\2EME ANNEE\RATTRAPAGE POO\Rattrapage POO V2\mediatheque_cpp\Project1\Map.h(6,12): message : 'System::String ^NS_Comp_Mappage::Map::INSERT(void)' : est abstrait
E:\2EME ANNEE\RATTRAPAGE POO\Rattrapage POO V2\mediatheque_cpp\Project1\Map.h(10): message : voir la déclaration de 'NS_Comp_Mappage::Map::INSERT'
E:\2EME ANNEE\RATTRAPAGE POO\Rattrapage POO V2\mediatheque_cpp\Project1\Map.h(6,12): message : 'System::String ^NS_Comp_Mappage::Map::DELETE(void)' : est abstrait
E:\2EME ANNEE\RATTRAPAGE POO\Rattrapage POO V2\mediatheque_cpp\Project1\Map.h(11): message : voir la déclaration de 'NS_Comp_Mappage::Map::DELETE'
E:\2EME ANNEE\RATTRAPAGE POO\Rattrapage POO V2\mediatheque_cpp\Project1\Map.h(6,12): message : 'System::String ^NS_Comp_Mappage::Map::UPDATE(void)' : est abstrait
E:\2EME ANNEE\RATTRAPAGE POO\Rattrapage POO V2\mediatheque_cpp\Project1\Map.h(12): message : voir la déclaration de 'NS_Comp_Mappage::Map::UPDATE'
E:\2EME ANNEE\RATTRAPAGE POO\Rattrapage POO V2\mediatheque_cpp\Project1\MapLibraryAdmin.h(7,12): warning C4570: 'NS_Comp_Mappage::MapLibraryAdmin' : n'est pas explicitement déclaré comme abstract mais comporte des fonctions abstract
E:\2EME ANNEE\RATTRAPAGE POO\Rattrapage POO V2\mediatheque_cpp\Project1\MapLibraryAdmin.h(7,12): message : 'System::String ^NS_Comp_Mappage::Map::INSERT(void)' : est abstrait
E:\2EME ANNEE\RATTRAPAGE POO\Rattrapage POO V2\mediatheque_cpp\Project1\Map.h(10): message : voir la déclaration de 'NS_Comp_Mappage::Map::INSERT'
E:\2EME ANNEE\RATTRAPAGE POO\Rattrapage POO V2\mediatheque_cpp\Project1\MapLibraryAdmin.h(7,12): message : 'System::String ^NS_Comp_Mappage::Map::DELETE(void)' : est abstrait
E:\2EME ANNEE\RATTRAPAGE POO\Rattrapage POO V2\mediatheque_cpp\Project1\Map.h(11): message : voir la déclaration de 'NS_Comp_Mappage::Map::DELETE'
E:\2EME ANNEE\RATTRAPAGE POO\Rattrapage POO V2\mediatheque_cpp\Project1\MapLibraryAdmin.h(7,12): message : 'System::String ^NS_Comp_Mappage::Map::UPDATE(void)' : est abstrait
E:\2EME ANNEE\RATTRAPAGE POO\Rattrapage POO V2\mediatheque_cpp\Project1\Map.h(12): message : voir la déclaration de 'NS_Comp_Mappage::Map::UPDATE'
E:\2EME ANNEE\RATTRAPAGE POO\Rattrapage POO V2\mediatheque_cpp\Project1\GestionLibraryAdmin.cpp(6): error C2259: 'NS_Comp_Mappage::MapLibraryAdmin' : impossible d'instancier une classe abstraite
E:\2EME ANNEE\RATTRAPAGE POO\Rattrapage POO V2\mediatheque_cpp\Project1\MapLibraryAdmin.h(7): message : voir la déclaration de 'NS_Comp_Mappage::MapLibraryAdmin'
E:\2EME ANNEE\RATTRAPAGE POO\Rattrapage POO V2\mediatheque_cpp\Project1\GestionLibraryAdmin.cpp(6): message : à cause des membres suivants :
E:\2EME ANNEE\RATTRAPAGE POO\Rattrapage POO V2\mediatheque_cpp\Project1\GestionLibraryAdmin.cpp(6): message : 'System::String ^NS_Comp_Mappage::Map::INSERT(void)' : est abstrait
E:\2EME ANNEE\RATTRAPAGE POO\Rattrapage POO V2\mediatheque_cpp\Project1\Map.h(10): message : voir la déclaration de 'NS_Comp_Mappage::Map::INSERT'
E:\2EME ANNEE\RATTRAPAGE POO\Rattrapage POO V2\mediatheque_cpp\Project1\GestionLibraryAdmin.cpp(6): message : 'System::String ^NS_Comp_Mappage::Map::DELETE(void)' : est abstrait
E:\2EME ANNEE\RATTRAPAGE POO\Rattrapage POO V2\mediatheque_cpp\Project1\Map.h(11): message : voir la déclaration de 'NS_Comp_Mappage::Map::DELETE'
E:\2EME ANNEE\RATTRAPAGE POO\Rattrapage POO V2\mediatheque_cpp\Project1\GestionLibraryAdmin.cpp(6): message : 'System::String ^NS_Comp_Mappage::Map::UPDATE(void)' : est abstrait
E:\2EME ANNEE\RATTRAPAGE POO\Rattrapage POO V2\mediatheque_cpp\Project1\Map.h(12): message : voir la déclaration de 'NS_Comp_Mappage::Map::UPDATE'
  Génération de code en cours...
